5.1895 	WARNING 	We strongly recommend you activate the PTB sound engine in PsychoPy prefs as the preferred audio engine. Its timing is vastly superior. Your prefs are currently set to use ['sounddevice', 'PTB', 'pyo', 'pygame'] (in that order).
14.7648 	WARNING 	User requested fullscreen with size [1024  768], but screen is actually [1920, 1080]. Using actual size
17.4922 	EXP 	Created window1 = Window(allowGUI=True, allowStencil=False, autoLog=True, backendConf=UNKNOWN, bitsMode=UNKNOWN, blendMode='avg', bpc=(8, 8, 8), color=array([0, 0, 0]), colorSpace='rgb', depthBits=8, fullscr=<method-wrapper '__getattribute__' of attributeSetter object at 0x000002A3945FDEB0>, gamma=None, gammaErrorPolicy='raise', lms=UNKNOWN, monitor=<psychopy.monitors.calibTools.Monitor object at 0x000002A3995BEA90>, multiSample=False, name='window1', numSamples=2, pos=(0, 0), screen=0, size=array([1920, 1080]), stencilBits=0, stereo=False, units='height', useFBO=True, useRetina=False, viewOri=0.0, viewPos=None, viewScale=None, waitBlanking=True, winType='pyglet')
17.4924 	EXP 	window1: mouseVisible = True
17.4926 	EXP 	window1: mouseVisible = False
17.4926 	EXP 	window1: Attempting to measure frame rate of screen (0) ...
17.4926 	EXP 	window1: recordFrameIntervals = False
17.6577 	EXP 	window1: recordFrameIntervals = True
17.8411 	EXP 	Screen (0) actual frame rate measured at 60.04Hz
17.8412 	EXP 	window1: recordFrameIntervals = False
21.0175 	EXP 	Created fixation = ShapeStim(__class__=<class 'psychopy.visual.shape.ShapeStim'>, anchor=('center', 'center'), autoDraw=False, autoLog=True, closeShape=True, color=method-wrapper(...), colorSpace='rgb', contrast=None, depth=0.0, fillColor=array([1, 1, 1]), fillColorSpace='rgb', fillRGB=array([1, 1, 1]), interpolate=True, lineColor=array([1., 1., 1.]), lineColorSpace='rgb', lineRGB=array([1, 1, 1]), lineWidth=1.0, name='fixation', opacity=1.0, ori=0.0, pos=array([0., 0.]), size=array([10., 10.]), units='pix', vertices=ndarray(...), win=Window(...), windingRule=None)
21.0376 	EXP 	Created grating = GratingStim(__class__=<class 'psychopy.visual.grating.GratingStim'>, anchor='center', autoDraw=False, autoLog=True, blendmode='avg', color=array([0.3, 0.3, 0.3]), colorSpace='rgb', contrast=0.3, depth=-1.0, interpolate=True, mask='gauss', maskParams=None, name='grating', opacity=1.0, ori=1.0, phase=array([0., 0.]), pos=array([0., 0.]), rgbPedestal=array([0., 0., 0.]), sf=array([5., 5.]), size=array([0.2, 0.2]), tex='sin', texRes=128.0, units='height', win=Window(...))
21.0412 	EXP 	Created sequence: random, trialTypes=1, nReps=100, seed=None
21.0419 	EXP 	New trial (rep=0, index=0): None
21.0475 	DATA 	Keypress: left
21.0478 	DATA 	Keypress: down
21.0480 	DATA 	Keypress: right
21.0481 	DATA 	Keypress: up
21.0576 	EXP 	grating: ori = 2.0
21.0576 	EXP 	fixation: autoDraw = True
21.0652 	DATA 	Keypress: right
22.0682 	EXP 	grating: autoDraw = True
22.0682 	EXP 	grating: tex = 'sin'
22.0726 	EXP 	fixation: autoDraw = False
22.3759 	EXP 	grating: autoDraw = False
23.7794 	EXP 	New trial (rep=1, index=0): None
23.7810 	DATA 	Keypress: up
23.7934 	EXP 	fixation: autoDraw = False
23.7934 	EXP 	grating: autoDraw = False
23.7934 	EXP 	grating: ori = -3.0
23.7934 	EXP 	fixation: autoDraw = True
24.7934 	EXP 	fixation: autoDraw = False
24.7934 	EXP 	grating: autoDraw = True
25.0935 	EXP 	grating: autoDraw = False
25.4312 	EXP 	New trial (rep=2, index=0): None
25.4336 	DATA 	Keypress: down
25.4437 	EXP 	fixation: autoDraw = False
25.4437 	EXP 	grating: autoDraw = False
25.4437 	EXP 	grating: ori = 2.0
25.4437 	EXP 	fixation: autoDraw = True
26.4446 	EXP 	fixation: autoDraw = False
26.4446 	EXP 	grating: autoDraw = True
26.7442 	EXP 	grating: autoDraw = False
27.2137 	EXP 	New trial (rep=3, index=0): None
27.2153 	DATA 	Keypress: down
27.2276 	EXP 	fixation: autoDraw = False
27.2276 	EXP 	grating: autoDraw = False
27.2276 	EXP 	grating: ori = 0.0
27.2276 	EXP 	fixation: autoDraw = True
28.2283 	EXP 	fixation: autoDraw = False
28.2283 	EXP 	grating: autoDraw = True
28.5282 	EXP 	grating: autoDraw = False
28.8146 	EXP 	New trial (rep=4, index=0): None
28.8165 	DATA 	Keypress: up
28.8283 	EXP 	fixation: autoDraw = False
28.8283 	EXP 	grating: autoDraw = False
28.8283 	EXP 	grating: ori = 0.0
28.8283 	EXP 	fixation: autoDraw = True
29.8288 	EXP 	fixation: autoDraw = False
29.8288 	EXP 	grating: autoDraw = True
30.1290 	EXP 	grating: autoDraw = False
30.4646 	EXP 	New trial (rep=5, index=0): None
30.4665 	DATA 	Keypress: up
30.4787 	EXP 	fixation: autoDraw = False
30.4787 	EXP 	grating: autoDraw = False
30.4787 	EXP 	grating: ori = 0.0
30.4787 	EXP 	fixation: autoDraw = True
31.4793 	EXP 	fixation: autoDraw = False
31.4793 	EXP 	grating: autoDraw = True
31.7796 	EXP 	grating: autoDraw = False
32.0326 	EXP 	New trial (rep=6, index=0): None
32.0341 	DATA 	Keypress: up
32.0462 	EXP 	fixation: autoDraw = False
32.0462 	EXP 	grating: autoDraw = False
32.0462 	EXP 	grating: ori = 1.0
32.0462 	EXP 	fixation: autoDraw = True
33.0468 	EXP 	fixation: autoDraw = False
33.0468 	EXP 	grating: autoDraw = True
33.3468 	EXP 	grating: autoDraw = False
33.6994 	EXP 	New trial (rep=7, index=0): None
33.7010 	DATA 	Keypress: up
33.7134 	EXP 	fixation: autoDraw = False
33.7134 	EXP 	grating: autoDraw = False
33.7134 	EXP 	grating: ori = 0.0
33.7134 	EXP 	fixation: autoDraw = True
34.7140 	EXP 	fixation: autoDraw = False
34.7140 	EXP 	grating: autoDraw = True
35.0140 	EXP 	grating: autoDraw = False
35.1831 	EXP 	New trial (rep=8, index=0): None
35.1852 	DATA 	Keypress: up
35.1972 	EXP 	fixation: autoDraw = False
35.1972 	EXP 	grating: autoDraw = False
35.1972 	EXP 	grating: ori = 0.0
35.1972 	EXP 	fixation: autoDraw = True
36.1980 	EXP 	fixation: autoDraw = False
36.1980 	EXP 	grating: autoDraw = True
36.4980 	EXP 	grating: autoDraw = False
36.9007 	EXP 	New trial (rep=9, index=0): None
36.9033 	DATA 	Keypress: up
36.9145 	EXP 	fixation: autoDraw = False
36.9145 	EXP 	grating: autoDraw = False
36.9145 	EXP 	grating: ori = -4.0
36.9145 	EXP 	fixation: autoDraw = True
37.9151 	EXP 	fixation: autoDraw = False
37.9151 	EXP 	grating: autoDraw = True
38.2152 	EXP 	grating: autoDraw = False
38.4359 	EXP 	New trial (rep=10, index=0): None
38.4374 	DATA 	Keypress: down
38.4486 	EXP 	fixation: autoDraw = False
38.4486 	EXP 	grating: autoDraw = False
38.4486 	EXP 	grating: ori = 0.0
38.4486 	EXP 	fixation: autoDraw = True
39.4492 	EXP 	fixation: autoDraw = False
39.4492 	EXP 	grating: autoDraw = True
39.7491 	EXP 	grating: autoDraw = False
40.1199 	EXP 	New trial (rep=11, index=0): None
40.1222 	DATA 	Keypress: up
40.1327 	EXP 	fixation: autoDraw = False
40.1327 	EXP 	grating: autoDraw = False
40.1327 	EXP 	grating: ori = 0.0
40.1327 	EXP 	fixation: autoDraw = True
41.1326 	EXP 	fixation: autoDraw = False
41.1326 	EXP 	grating: autoDraw = True
41.4330 	EXP 	grating: autoDraw = False
41.5692 	EXP 	New trial (rep=12, index=0): None
41.5706 	DATA 	Keypress: down
41.5833 	EXP 	fixation: autoDraw = False
41.5833 	EXP 	grating: autoDraw = False
41.5833 	EXP 	grating: ori = -3.0
41.5833 	EXP 	fixation: autoDraw = True
42.5836 	EXP 	fixation: autoDraw = False
42.5836 	EXP 	grating: autoDraw = True
42.8836 	EXP 	grating: autoDraw = False
43.3029 	EXP 	New trial (rep=13, index=0): None
43.3043 	DATA 	Keypress: up
43.3170 	EXP 	fixation: autoDraw = False
43.3170 	EXP 	grating: autoDraw = False
43.3170 	EXP 	grating: ori = 0.0
43.3170 	EXP 	fixation: autoDraw = True
44.3176 	EXP 	fixation: autoDraw = False
44.3176 	EXP 	grating: autoDraw = True
44.6177 	EXP 	grating: autoDraw = False
44.9718 	EXP 	New trial (rep=14, index=0): None
44.9745 	DATA 	Keypress: up
44.9845 	EXP 	fixation: autoDraw = False
44.9845 	EXP 	grating: autoDraw = False
44.9845 	EXP 	grating: ori = 0.0
44.9845 	EXP 	fixation: autoDraw = True
45.9848 	EXP 	fixation: autoDraw = False
45.9848 	EXP 	grating: autoDraw = True
46.2851 	EXP 	grating: autoDraw = False
46.5868 	DATA 	Keypress: up
46.6042 	EXP 	New trial (rep=15, index=0): None
46.6182 	EXP 	fixation: autoDraw = False
46.6182 	EXP 	grating: autoDraw = False
46.6182 	EXP 	grating: ori = -5.0
46.6182 	EXP 	fixation: autoDraw = True
47.6188 	EXP 	fixation: autoDraw = False
47.6188 	EXP 	grating: autoDraw = True
47.9188 	EXP 	grating: autoDraw = False
48.2214 	EXP 	New trial (rep=16, index=0): None
48.2230 	DATA 	Keypress: down
48.2357 	EXP 	fixation: autoDraw = False
48.2357 	EXP 	grating: autoDraw = False
48.2357 	EXP 	grating: ori = 2.0
48.2357 	EXP 	fixation: autoDraw = True
49.2362 	EXP 	fixation: autoDraw = False
49.2362 	EXP 	grating: autoDraw = True
49.5363 	EXP 	grating: autoDraw = False
50.1389 	EXP 	New trial (rep=17, index=0): None
50.1408 	DATA 	Keypress: up
50.1533 	EXP 	fixation: autoDraw = False
50.1533 	EXP 	grating: autoDraw = False
50.1533 	EXP 	grating: ori = 0.0
50.1533 	EXP 	fixation: autoDraw = True
51.1536 	EXP 	fixation: autoDraw = False
51.1536 	EXP 	grating: autoDraw = True
51.4537 	EXP 	grating: autoDraw = False
51.7568 	EXP 	New trial (rep=18, index=0): None
51.7588 	DATA 	Keypress: up
51.7704 	EXP 	fixation: autoDraw = False
51.7704 	EXP 	grating: autoDraw = False
51.7704 	EXP 	grating: ori = -2.0
51.7704 	EXP 	fixation: autoDraw = True
52.7708 	EXP 	fixation: autoDraw = False
52.7708 	EXP 	grating: autoDraw = True
53.0707 	EXP 	grating: autoDraw = False
53.2563 	EXP 	New trial (rep=19, index=0): None
53.2579 	DATA 	Keypress: down
53.2709 	EXP 	fixation: autoDraw = False
53.2709 	EXP 	grating: autoDraw = False
53.2709 	EXP 	grating: ori = 0.0
53.2709 	EXP 	fixation: autoDraw = True
54.2714 	EXP 	fixation: autoDraw = False
54.2714 	EXP 	grating: autoDraw = True
54.5714 	EXP 	grating: autoDraw = False
54.8071 	EXP 	New trial (rep=20, index=0): None
54.8092 	DATA 	Keypress: up
54.8214 	EXP 	fixation: autoDraw = False
54.8214 	EXP 	grating: autoDraw = False
54.8214 	EXP 	grating: ori = 0.0
54.8214 	EXP 	fixation: autoDraw = True
55.8221 	EXP 	fixation: autoDraw = False
55.8221 	EXP 	grating: autoDraw = True
56.1220 	EXP 	grating: autoDraw = False
56.3744 	EXP 	New trial (rep=21, index=0): None
56.3760 	DATA 	Keypress: up
56.3888 	EXP 	fixation: autoDraw = False
56.3888 	EXP 	grating: autoDraw = False
56.3888 	EXP 	grating: ori = 0.0
56.3888 	EXP 	fixation: autoDraw = True
57.3893 	EXP 	fixation: autoDraw = False
57.3893 	EXP 	grating: autoDraw = True
57.6893 	EXP 	grating: autoDraw = False
57.9598 	EXP 	New trial (rep=22, index=0): None
57.9619 	DATA 	Keypress: up
57.9727 	EXP 	fixation: autoDraw = False
57.9727 	EXP 	grating: autoDraw = False
57.9727 	EXP 	grating: ori = 0.0
57.9727 	EXP 	fixation: autoDraw = True
58.9733 	EXP 	fixation: autoDraw = False
58.9733 	EXP 	grating: autoDraw = True
59.2732 	EXP 	grating: autoDraw = False
59.5103 	EXP 	New trial (rep=23, index=0): None
59.5124 	DATA 	Keypress: up
59.5232 	EXP 	fixation: autoDraw = False
59.5232 	EXP 	grating: autoDraw = False
59.5232 	EXP 	grating: ori = 1.0
59.5232 	EXP 	fixation: autoDraw = True
60.5238 	EXP 	fixation: autoDraw = False
60.5238 	EXP 	grating: autoDraw = True
60.8238 	EXP 	grating: autoDraw = False
61.0948 	EXP 	New trial (rep=24, index=0): None
61.0972 	DATA 	Keypress: up
61.1072 	EXP 	fixation: autoDraw = False
61.1072 	EXP 	grating: autoDraw = False
61.1072 	EXP 	grating: ori = -2.0
61.1072 	EXP 	fixation: autoDraw = True
62.1080 	EXP 	fixation: autoDraw = False
62.1080 	EXP 	grating: autoDraw = True
62.4075 	EXP 	grating: autoDraw = False
62.6950 	EXP 	New trial (rep=25, index=0): None
62.6973 	DATA 	Keypress: down
62.7079 	EXP 	fixation: autoDraw = False
62.7079 	EXP 	grating: autoDraw = False
62.7079 	EXP 	grating: ori = -4.0
62.7079 	EXP 	fixation: autoDraw = True
63.7085 	EXP 	fixation: autoDraw = False
63.7085 	EXP 	grating: autoDraw = True
64.0083 	EXP 	grating: autoDraw = False
64.0775 	DATA 	Keypress: down
64.0961 	EXP 	New trial (rep=26, index=0): None
64.1084 	EXP 	fixation: autoDraw = False
64.1084 	EXP 	grating: autoDraw = False
64.1084 	EXP 	grating: ori = 3.0
64.1084 	EXP 	fixation: autoDraw = True
65.1089 	EXP 	fixation: autoDraw = False
65.1089 	EXP 	grating: autoDraw = True
65.4088 	EXP 	grating: autoDraw = False
65.7632 	EXP 	New trial (rep=27, index=0): None
65.7656 	DATA 	Keypress: down
65.7755 	EXP 	fixation: autoDraw = False
65.7755 	EXP 	grating: autoDraw = False
65.7755 	EXP 	grating: ori = -5.0
65.7755 	EXP 	fixation: autoDraw = True
66.7763 	EXP 	fixation: autoDraw = False
66.7763 	EXP 	grating: autoDraw = True
67.0762 	EXP 	grating: autoDraw = False
67.2785 	EXP 	New trial (rep=28, index=0): None
67.2800 	DATA 	Keypress: down
67.2928 	EXP 	fixation: autoDraw = False
67.2928 	EXP 	grating: autoDraw = False
67.2928 	EXP 	grating: ori = 0.0
67.2928 	EXP 	fixation: autoDraw = True
68.2935 	EXP 	fixation: autoDraw = False
68.2935 	EXP 	grating: autoDraw = True
68.5933 	EXP 	grating: autoDraw = False
68.6958 	EXP 	New trial (rep=29, index=0): None
68.6974 	DATA 	Keypress: down
68.7101 	EXP 	fixation: autoDraw = False
68.7101 	EXP 	grating: autoDraw = False
68.7101 	EXP 	grating: ori = -4.0
68.7101 	EXP 	fixation: autoDraw = True
69.7106 	EXP 	fixation: autoDraw = False
69.7106 	EXP 	grating: autoDraw = True
70.0107 	EXP 	grating: autoDraw = False
70.2631 	EXP 	New trial (rep=30, index=0): None
70.2646 	DATA 	Keypress: up
70.2774 	EXP 	fixation: autoDraw = False
70.2774 	EXP 	grating: autoDraw = False
70.2774 	EXP 	grating: ori = 1.0
70.2774 	EXP 	fixation: autoDraw = True
71.2780 	EXP 	fixation: autoDraw = False
71.2780 	EXP 	grating: autoDraw = True
71.5777 	EXP 	grating: autoDraw = False
72.0818 	EXP 	New trial (rep=31, index=0): None
72.0836 	DATA 	Keypress: up
72.0948 	EXP 	fixation: autoDraw = False
72.0948 	EXP 	grating: autoDraw = False
72.0948 	EXP 	grating: ori = -4.0
72.0948 	EXP 	fixation: autoDraw = True
73.0954 	EXP 	fixation: autoDraw = False
73.0954 	EXP 	grating: autoDraw = True
73.3953 	EXP 	grating: autoDraw = False
73.6141 	EXP 	New trial (rep=32, index=0): None
73.6156 	DATA 	Keypress: down
73.6287 	EXP 	fixation: autoDraw = False
73.6287 	EXP 	grating: autoDraw = False
73.6287 	EXP 	grating: ori = 4.0
73.6287 	EXP 	fixation: autoDraw = True
74.6292 	EXP 	fixation: autoDraw = False
74.6292 	EXP 	grating: autoDraw = True
74.9290 	EXP 	grating: autoDraw = False
75.2824 	EXP 	New trial (rep=33, index=0): None
75.2847 	DATA 	Keypress: down
75.2960 	EXP 	fixation: autoDraw = False
75.2960 	EXP 	grating: autoDraw = False
75.2960 	EXP 	grating: ori = 2.0
75.2960 	EXP 	fixation: autoDraw = True
76.2964 	EXP 	fixation: autoDraw = False
76.2964 	EXP 	grating: autoDraw = True
76.5965 	EXP 	grating: autoDraw = False
76.9162 	EXP 	New trial (rep=34, index=0): None
76.9184 	DATA 	Keypress: down
76.9297 	EXP 	fixation: autoDraw = False
76.9297 	EXP 	grating: autoDraw = False
76.9297 	EXP 	grating: ori = -4.0
76.9297 	EXP 	fixation: autoDraw = True
77.9302 	EXP 	fixation: autoDraw = False
77.9302 	EXP 	grating: autoDraw = True
78.2305 	EXP 	grating: autoDraw = False
78.4680 	EXP 	New trial (rep=35, index=0): None
78.4704 	DATA 	Keypress: down
78.4810 	EXP 	fixation: autoDraw = False
78.4810 	EXP 	grating: autoDraw = False
78.4810 	EXP 	grating: ori = 0.0
78.4810 	EXP 	fixation: autoDraw = True
79.4811 	EXP 	fixation: autoDraw = False
79.4811 	EXP 	grating: autoDraw = True
79.7809 	EXP 	grating: autoDraw = False
80.0165 	EXP 	New trial (rep=36, index=0): None
80.0179 	DATA 	Keypress: up
80.0310 	EXP 	fixation: autoDraw = False
80.0310 	EXP 	grating: autoDraw = False
80.0310 	EXP 	grating: ori = 1.0
80.0310 	EXP 	fixation: autoDraw = True
81.0314 	EXP 	fixation: autoDraw = False
81.0314 	EXP 	grating: autoDraw = True
81.3313 	EXP 	grating: autoDraw = False
81.9005 	EXP 	New trial (rep=37, index=0): None
81.9024 	DATA 	Keypress: down
81.9151 	EXP 	fixation: autoDraw = False
81.9151 	EXP 	grating: autoDraw = False
81.9151 	EXP 	grating: ori = -5.0
81.9151 	EXP 	fixation: autoDraw = True
82.9157 	EXP 	fixation: autoDraw = False
82.9157 	EXP 	grating: autoDraw = True
83.2156 	EXP 	grating: autoDraw = False
83.4677 	EXP 	New trial (rep=38, index=0): None
83.4694 	DATA 	Keypress: down
83.4823 	EXP 	fixation: autoDraw = False
83.4823 	EXP 	grating: autoDraw = False
83.4823 	EXP 	grating: ori = 2.0
83.4823 	EXP 	fixation: autoDraw = True
84.4829 	EXP 	fixation: autoDraw = False
84.4829 	EXP 	grating: autoDraw = True
84.7829 	EXP 	grating: autoDraw = False
84.9683 	EXP 	New trial (rep=39, index=0): None
84.9701 	DATA 	Keypress: down
84.9830 	EXP 	fixation: autoDraw = False
84.9830 	EXP 	grating: autoDraw = False
84.9830 	EXP 	grating: ori = -5.0
84.9830 	EXP 	fixation: autoDraw = True
85.9833 	EXP 	fixation: autoDraw = False
85.9833 	EXP 	grating: autoDraw = True
86.2834 	EXP 	grating: autoDraw = False
86.4853 	EXP 	New trial (rep=40, index=0): None
86.4867 	DATA 	Keypress: down
86.5003 	EXP 	fixation: autoDraw = False
86.5003 	EXP 	grating: autoDraw = False
86.5003 	EXP 	grating: ori = 0.0
86.5003 	EXP 	fixation: autoDraw = True
87.5007 	EXP 	fixation: autoDraw = False
87.5007 	EXP 	grating: autoDraw = True
87.8005 	EXP 	grating: autoDraw = False
88.1358 	EXP 	New trial (rep=41, index=0): None
88.1371 	DATA 	Keypress: up
88.1506 	EXP 	fixation: autoDraw = False
88.1506 	EXP 	grating: autoDraw = False
88.1506 	EXP 	grating: ori = 0.0
88.1506 	EXP 	fixation: autoDraw = True
89.1347 	EXP 	grating: autoDraw = True
89.1514 	EXP 	fixation: autoDraw = False
89.4346 	EXP 	grating: autoDraw = False
89.8040 	EXP 	New trial (rep=42, index=0): None
89.8056 	DATA 	Keypress: up
89.8182 	EXP 	fixation: autoDraw = False
89.8182 	EXP 	grating: autoDraw = False
89.8182 	EXP 	grating: ori = 0.0
89.8182 	EXP 	fixation: autoDraw = True
90.8188 	EXP 	fixation: autoDraw = False
90.8188 	EXP 	grating: autoDraw = True
91.1186 	EXP 	grating: autoDraw = False
91.2560 	EXP 	New trial (rep=43, index=0): None
91.2583 	DATA 	Keypress: up
91.2687 	EXP 	fixation: autoDraw = False
91.2687 	EXP 	grating: autoDraw = False
91.2687 	EXP 	grating: ori = 0.0
91.2687 	EXP 	fixation: autoDraw = True
92.2692 	EXP 	fixation: autoDraw = False
92.2692 	EXP 	grating: autoDraw = True
92.5691 	EXP 	grating: autoDraw = False
92.9715 	EXP 	New trial (rep=44, index=0): None
92.9729 	DATA 	Keypress: up
92.9860 	EXP 	fixation: autoDraw = False
92.9860 	EXP 	grating: autoDraw = False
92.9860 	EXP 	grating: ori = 0.0
92.9860 	EXP 	fixation: autoDraw = True
93.9866 	EXP 	fixation: autoDraw = False
93.9866 	EXP 	grating: autoDraw = True
94.2866 	EXP 	grating: autoDraw = False
94.3722 	EXP 	New trial (rep=45, index=0): None
94.3737 	DATA 	Keypress: up
94.3866 	EXP 	fixation: autoDraw = False
94.3866 	EXP 	grating: autoDraw = False
94.3866 	EXP 	grating: ori = -4.0
94.3866 	EXP 	fixation: autoDraw = True
95.3872 	EXP 	fixation: autoDraw = False
95.3872 	EXP 	grating: autoDraw = True
95.6870 	EXP 	grating: autoDraw = False
95.9391 	EXP 	New trial (rep=46, index=0): None
95.9404 	DATA 	Keypress: down
95.9539 	EXP 	fixation: autoDraw = False
95.9539 	EXP 	grating: autoDraw = False
95.9539 	EXP 	grating: ori = 3.0
95.9539 	EXP 	fixation: autoDraw = True
96.9544 	EXP 	fixation: autoDraw = False
96.9544 	EXP 	grating: autoDraw = True
97.2545 	EXP 	grating: autoDraw = False
97.5411 	EXP 	New trial (rep=47, index=0): None
97.5434 	DATA 	Keypress: up
97.5545 	EXP 	fixation: autoDraw = False
97.5545 	EXP 	grating: autoDraw = False
97.5545 	EXP 	grating: ori = 2.0
97.5545 	EXP 	fixation: autoDraw = True
98.5550 	EXP 	fixation: autoDraw = False
98.5550 	EXP 	grating: autoDraw = True
98.8550 	EXP 	grating: autoDraw = False
99.3588 	EXP 	New trial (rep=48, index=0): None
99.3605 	DATA 	Keypress: down
99.3717 	EXP 	fixation: autoDraw = False
99.3717 	EXP 	grating: autoDraw = False
99.3717 	EXP 	grating: ori = 0.0
99.3717 	EXP 	fixation: autoDraw = True
100.3724 	EXP 	fixation: autoDraw = False
100.3724 	EXP 	grating: autoDraw = True
100.6723 	EXP 	grating: autoDraw = False
101.0422 	EXP 	New trial (rep=49, index=0): None
101.0445 	DATA 	Keypress: up
101.0556 	EXP 	fixation: autoDraw = False
101.0556 	EXP 	grating: autoDraw = False
101.0556 	EXP 	grating: ori = 0.0
101.0556 	EXP 	fixation: autoDraw = True
102.0563 	EXP 	fixation: autoDraw = False
102.0563 	EXP 	grating: autoDraw = True
102.3563 	EXP 	grating: autoDraw = False
102.5267 	EXP 	New trial (rep=50, index=0): None
102.5288 	DATA 	Keypress: up
102.5396 	EXP 	fixation: autoDraw = False
102.5396 	EXP 	grating: autoDraw = False
102.5396 	EXP 	grating: ori = 0.0
102.5396 	EXP 	fixation: autoDraw = True
103.5400 	EXP 	fixation: autoDraw = False
103.5400 	EXP 	grating: autoDraw = True
103.8400 	EXP 	grating: autoDraw = False
104.1108 	EXP 	New trial (rep=51, index=0): None
104.1141 	DATA 	Keypress: up
104.1235 	EXP 	fixation: autoDraw = False
104.1235 	EXP 	grating: autoDraw = False
104.1235 	EXP 	grating: ori = -3.0
104.1235 	EXP 	fixation: autoDraw = True
105.1242 	EXP 	fixation: autoDraw = False
105.1242 	EXP 	grating: autoDraw = True
105.4242 	EXP 	grating: autoDraw = False
105.6600 	EXP 	New trial (rep=52, index=0): None
105.6615 	DATA 	Keypress: down
105.6741 	EXP 	fixation: autoDraw = False
105.6741 	EXP 	grating: autoDraw = False
105.6741 	EXP 	grating: ori = 1.0
105.6741 	EXP 	fixation: autoDraw = True
106.6748 	EXP 	fixation: autoDraw = False
106.6748 	EXP 	grating: autoDraw = True
106.9748 	EXP 	grating: autoDraw = False
107.8622 	EXP 	New trial (rep=53, index=0): None
107.8636 	DATA 	Keypress: down
107.8752 	EXP 	fixation: autoDraw = False
107.8752 	EXP 	grating: autoDraw = False
107.8752 	EXP 	grating: ori = -3.0
107.8752 	EXP 	fixation: autoDraw = True
108.8757 	EXP 	fixation: autoDraw = False
108.8757 	EXP 	grating: autoDraw = True
109.1756 	EXP 	grating: autoDraw = False
109.4950 	EXP 	New trial (rep=54, index=0): None
109.4964 	DATA 	Keypress: down
109.5090 	EXP 	fixation: autoDraw = False
109.5090 	EXP 	grating: autoDraw = False
109.5090 	EXP 	grating: ori = 0.0
109.5090 	EXP 	fixation: autoDraw = True
110.5097 	EXP 	fixation: autoDraw = False
110.5097 	EXP 	grating: autoDraw = True
110.8094 	EXP 	grating: autoDraw = False
111.0633 	EXP 	New trial (rep=55, index=0): None
111.0652 	DATA 	Keypress: up
111.0763 	EXP 	fixation: autoDraw = False
111.0763 	EXP 	grating: autoDraw = False
111.0763 	EXP 	grating: ori = 0.0
111.0763 	EXP 	fixation: autoDraw = True
112.0768 	EXP 	fixation: autoDraw = False
112.0768 	EXP 	grating: autoDraw = True
112.3767 	EXP 	grating: autoDraw = False
112.6126 	EXP 	New trial (rep=56, index=0): None
112.6143 	DATA 	Keypress: up
112.6269 	EXP 	fixation: autoDraw = False
112.6269 	EXP 	grating: autoDraw = False
112.6269 	EXP 	grating: ori = -4.0
112.6269 	EXP 	fixation: autoDraw = True
113.6274 	EXP 	fixation: autoDraw = False
113.6274 	EXP 	grating: autoDraw = True
113.9274 	EXP 	grating: autoDraw = False
114.0816 	EXP 	New trial (rep=57, index=0): None
114.0838 	DATA 	Keypress: down
114.0940 	EXP 	fixation: autoDraw = False
114.0940 	EXP 	grating: autoDraw = False
114.0940 	EXP 	grating: ori = 4.0
114.0940 	EXP 	fixation: autoDraw = True
115.0947 	EXP 	fixation: autoDraw = False
115.0947 	EXP 	grating: autoDraw = True
115.3945 	EXP 	grating: autoDraw = False
115.5972 	EXP 	New trial (rep=58, index=0): None
115.5989 	DATA 	Keypress: down
115.6115 	EXP 	fixation: autoDraw = False
115.6115 	EXP 	grating: autoDraw = False
115.6115 	EXP 	grating: ori = 0.0
115.6115 	EXP 	fixation: autoDraw = True
116.6117 	EXP 	fixation: autoDraw = False
116.6117 	EXP 	grating: autoDraw = True
116.9117 	EXP 	grating: autoDraw = False
117.3973 	EXP 	New trial (rep=59, index=0): None
117.3988 	DATA 	Keypress: up
117.4120 	EXP 	fixation: autoDraw = False
117.4120 	EXP 	grating: autoDraw = False
117.4120 	EXP 	grating: ori = 0.0
117.4120 	EXP 	fixation: autoDraw = True
118.4127 	EXP 	fixation: autoDraw = False
118.4127 	EXP 	grating: autoDraw = True
118.7125 	EXP 	grating: autoDraw = False
119.0482 	EXP 	New trial (rep=60, index=0): None
119.0496 	DATA 	Keypress: up
119.0627 	EXP 	fixation: autoDraw = False
119.0627 	EXP 	grating: autoDraw = False
119.0627 	EXP 	grating: ori = 0.0
119.0627 	EXP 	fixation: autoDraw = True
120.0633 	EXP 	fixation: autoDraw = False
120.0633 	EXP 	grating: autoDraw = True
120.3632 	EXP 	grating: autoDraw = False
120.5994 	EXP 	New trial (rep=61, index=0): None
120.6009 	DATA 	Keypress: up
120.6132 	EXP 	fixation: autoDraw = False
120.6132 	EXP 	grating: autoDraw = False
120.6132 	EXP 	grating: ori = 3.0
120.6132 	EXP 	fixation: autoDraw = True
121.6137 	EXP 	fixation: autoDraw = False
121.6137 	EXP 	grating: autoDraw = True
121.9136 	EXP 	grating: autoDraw = False
122.2516 	EXP 	New trial (rep=62, index=0): None
122.2538 	DATA 	Keypress: down
122.2638 	EXP 	fixation: autoDraw = False
122.2638 	EXP 	grating: autoDraw = False
122.2638 	EXP 	grating: ori = 0.0
122.2638 	EXP 	fixation: autoDraw = True
123.2646 	EXP 	fixation: autoDraw = False
123.2646 	EXP 	grating: autoDraw = True
123.5645 	EXP 	grating: autoDraw = False
123.9836 	EXP 	New trial (rep=63, index=0): None
123.9854 	DATA 	Keypress: up
123.9979 	EXP 	fixation: autoDraw = False
123.9979 	EXP 	grating: autoDraw = False
123.9979 	EXP 	grating: ori = 0.0
123.9979 	EXP 	fixation: autoDraw = True
124.9986 	EXP 	fixation: autoDraw = False
124.9986 	EXP 	grating: autoDraw = True
125.2984 	EXP 	grating: autoDraw = False
125.5690 	EXP 	New trial (rep=64, index=0): None
125.5708 	DATA 	Keypress: up
125.5819 	EXP 	fixation: autoDraw = False
125.5819 	EXP 	grating: autoDraw = False
125.5819 	EXP 	grating: ori = 0.0
125.5819 	EXP 	fixation: autoDraw = True
126.5824 	EXP 	fixation: autoDraw = False
126.5824 	EXP 	grating: autoDraw = True
126.8824 	EXP 	grating: autoDraw = False
127.1513 	EXP 	New trial (rep=65, index=0): None
127.1527 	DATA 	Keypress: up
127.1657 	EXP 	fixation: autoDraw = False
127.1657 	EXP 	grating: autoDraw = False
127.1657 	EXP 	grating: ori = 0.0
127.1657 	EXP 	fixation: autoDraw = True
128.1663 	EXP 	fixation: autoDraw = False
128.1663 	EXP 	grating: autoDraw = True
128.4661 	EXP 	grating: autoDraw = False
128.6354 	EXP 	New trial (rep=66, index=0): None
128.6369 	DATA 	Keypress: up
128.6498 	EXP 	fixation: autoDraw = False
128.6498 	EXP 	grating: autoDraw = False
128.6498 	EXP 	grating: ori = -3.0
128.6498 	EXP 	fixation: autoDraw = True
129.6502 	EXP 	fixation: autoDraw = False
129.6502 	EXP 	grating: autoDraw = True
129.9501 	EXP 	grating: autoDraw = False
130.2541 	EXP 	New trial (rep=67, index=0): None
130.2560 	DATA 	Keypress: down
130.2669 	EXP 	fixation: autoDraw = False
130.2669 	EXP 	grating: autoDraw = False
130.2669 	EXP 	grating: ori = 0.0
130.2669 	EXP 	fixation: autoDraw = True
131.2676 	EXP 	fixation: autoDraw = False
131.2676 	EXP 	grating: autoDraw = True
131.5674 	EXP 	grating: autoDraw = False
131.9030 	EXP 	New trial (rep=68, index=0): None
131.9045 	DATA 	Keypress: up
131.9175 	EXP 	fixation: autoDraw = False
131.9175 	EXP 	grating: autoDraw = False
131.9175 	EXP 	grating: ori = 0.0
131.9175 	EXP 	fixation: autoDraw = True
132.9180 	EXP 	fixation: autoDraw = False
132.9180 	EXP 	grating: autoDraw = True
133.2181 	EXP 	grating: autoDraw = False
133.5550 	EXP 	New trial (rep=69, index=0): None
133.5566 	DATA 	Keypress: up
133.5682 	EXP 	fixation: autoDraw = False
133.5682 	EXP 	grating: autoDraw = False
133.5682 	EXP 	grating: ori = 4.0
133.5682 	EXP 	fixation: autoDraw = True
134.5686 	EXP 	fixation: autoDraw = False
134.5686 	EXP 	grating: autoDraw = True
134.8686 	EXP 	grating: autoDraw = False
135.0400 	EXP 	New trial (rep=70, index=0): None
135.0425 	DATA 	Keypress: down
135.0521 	EXP 	fixation: autoDraw = False
135.0521 	EXP 	grating: autoDraw = False
135.0521 	EXP 	grating: ori = 0.0
135.0521 	EXP 	fixation: autoDraw = True
136.0526 	EXP 	fixation: autoDraw = False
136.0526 	EXP 	grating: autoDraw = True
136.3528 	EXP 	grating: autoDraw = False
136.6216 	EXP 	New trial (rep=71, index=0): None
136.6231 	DATA 	Keypress: up
136.6360 	EXP 	fixation: autoDraw = False
136.6360 	EXP 	grating: autoDraw = False
136.6360 	EXP 	grating: ori = 0.0
136.6360 	EXP 	fixation: autoDraw = True
137.6366 	EXP 	fixation: autoDraw = False
137.6366 	EXP 	grating: autoDraw = True
137.9365 	EXP 	grating: autoDraw = False
138.2559 	EXP 	New trial (rep=72, index=0): None
138.2582 	DATA 	Keypress: up
138.2701 	EXP 	fixation: autoDraw = False
138.2701 	EXP 	grating: autoDraw = False
138.2701 	EXP 	grating: ori = -2.0
138.2701 	EXP 	fixation: autoDraw = True
139.2706 	EXP 	fixation: autoDraw = False
139.2706 	EXP 	grating: autoDraw = True
139.5704 	EXP 	grating: autoDraw = False
139.9735 	EXP 	New trial (rep=73, index=0): None
139.9751 	DATA 	Keypress: down
139.9872 	EXP 	fixation: autoDraw = False
139.9872 	EXP 	grating: autoDraw = False
139.9872 	EXP 	grating: ori = 0.0
139.9872 	EXP 	fixation: autoDraw = True
140.9881 	EXP 	fixation: autoDraw = False
140.9881 	EXP 	grating: autoDraw = True
141.2879 	EXP 	grating: autoDraw = False
141.7732 	EXP 	New trial (rep=74, index=0): None
141.7746 	DATA 	Keypress: up
141.7880 	EXP 	fixation: autoDraw = False
141.7880 	EXP 	grating: autoDraw = False
141.7880 	EXP 	grating: ori = 3.0
141.7880 	EXP 	fixation: autoDraw = True
142.7885 	EXP 	fixation: autoDraw = False
142.7885 	EXP 	grating: autoDraw = True
143.0884 	EXP 	grating: autoDraw = False
143.3075 	EXP 	New trial (rep=75, index=0): None
143.3092 	DATA 	Keypress: down
143.3220 	EXP 	fixation: autoDraw = False
143.3220 	EXP 	grating: autoDraw = False
143.3220 	EXP 	grating: ori = 3.0
143.3220 	EXP 	fixation: autoDraw = True
144.3224 	EXP 	fixation: autoDraw = False
144.3224 	EXP 	grating: autoDraw = True
144.6224 	EXP 	grating: autoDraw = False
144.7914 	EXP 	New trial (rep=76, index=0): None
144.7929 	DATA 	Keypress: down
144.8059 	EXP 	fixation: autoDraw = False
144.8059 	EXP 	grating: autoDraw = False
144.8059 	EXP 	grating: ori = -5.0
144.8059 	EXP 	fixation: autoDraw = True
145.8065 	EXP 	fixation: autoDraw = False
145.8065 	EXP 	grating: autoDraw = True
146.1063 	EXP 	grating: autoDraw = False
146.3258 	EXP 	New trial (rep=77, index=0): None
146.3274 	DATA 	Keypress: down
146.3397 	EXP 	fixation: autoDraw = False
146.3397 	EXP 	grating: autoDraw = False
146.3397 	EXP 	grating: ori = -5.0
146.3397 	EXP 	fixation: autoDraw = True
147.3403 	EXP 	fixation: autoDraw = False
147.3403 	EXP 	grating: autoDraw = True
147.6402 	EXP 	grating: autoDraw = False
147.7598 	EXP 	New trial (rep=78, index=0): None
147.7612 	DATA 	Keypress: down
147.7736 	EXP 	fixation: autoDraw = False
147.7736 	EXP 	grating: autoDraw = False
147.7736 	EXP 	grating: ori = 0.0
147.7736 	EXP 	fixation: autoDraw = True
148.7742 	EXP 	fixation: autoDraw = False
148.7742 	EXP 	grating: autoDraw = True
149.0741 	EXP 	grating: autoDraw = False
149.4615 	EXP 	New trial (rep=79, index=0): None
149.4639 	DATA 	Keypress: up
149.4742 	EXP 	fixation: autoDraw = False
149.4742 	EXP 	grating: autoDraw = False
149.4742 	EXP 	grating: ori = 0.0
149.4742 	EXP 	fixation: autoDraw = True
150.4748 	EXP 	fixation: autoDraw = False
150.4748 	EXP 	grating: autoDraw = True
150.7748 	EXP 	grating: autoDraw = False
151.0958 	EXP 	New trial (rep=80, index=0): None
151.0987 	DATA 	Keypress: up
151.1081 	EXP 	fixation: autoDraw = False
151.1081 	EXP 	grating: autoDraw = False
151.1081 	EXP 	grating: ori = 0.0
151.1081 	EXP 	fixation: autoDraw = True
152.1086 	EXP 	fixation: autoDraw = False
152.1086 	EXP 	grating: autoDraw = True
152.4087 	EXP 	grating: autoDraw = False
152.5796 	EXP 	New trial (rep=81, index=0): None
152.5817 	DATA 	Keypress: up
152.5922 	EXP 	fixation: autoDraw = False
152.5922 	EXP 	grating: autoDraw = False
152.5922 	EXP 	grating: ori = 4.0
152.5922 	EXP 	fixation: autoDraw = True
153.5927 	EXP 	fixation: autoDraw = False
153.5927 	EXP 	grating: autoDraw = True
153.8927 	EXP 	grating: autoDraw = False
154.2448 	EXP 	New trial (rep=82, index=0): None
154.2462 	DATA 	Keypress: down
154.2595 	EXP 	fixation: autoDraw = False
154.2595 	EXP 	grating: autoDraw = False
154.2595 	EXP 	grating: ori = -5.0
154.2595 	EXP 	fixation: autoDraw = True
155.2598 	EXP 	fixation: autoDraw = False
155.2598 	EXP 	grating: autoDraw = True
155.5600 	EXP 	grating: autoDraw = False
155.7798 	EXP 	New trial (rep=83, index=0): None
155.7816 	DATA 	Keypress: down
155.7934 	EXP 	fixation: autoDraw = False
155.7934 	EXP 	grating: autoDraw = False
155.7934 	EXP 	grating: ori = 3.0
155.7934 	EXP 	fixation: autoDraw = True
156.7939 	EXP 	fixation: autoDraw = False
156.7939 	EXP 	grating: autoDraw = True
157.0938 	EXP 	grating: autoDraw = False
157.2795 	EXP 	New trial (rep=84, index=0): None
157.2809 	DATA 	Keypress: down
157.2941 	EXP 	fixation: autoDraw = False
157.2941 	EXP 	grating: autoDraw = False
157.2941 	EXP 	grating: ori = 1.0
157.2941 	EXP 	fixation: autoDraw = True
158.2946 	EXP 	fixation: autoDraw = False
158.2946 	EXP 	grating: autoDraw = True
158.5944 	EXP 	grating: autoDraw = False
158.8987 	EXP 	New trial (rep=85, index=0): None
158.9016 	DATA 	Keypress: up
158.9112 	EXP 	fixation: autoDraw = False
158.9112 	EXP 	grating: autoDraw = False
158.9112 	EXP 	grating: ori = -3.0
158.9112 	EXP 	fixation: autoDraw = True
159.9116 	EXP 	fixation: autoDraw = False
159.9116 	EXP 	grating: autoDraw = True
160.2117 	EXP 	grating: autoDraw = False
160.4805 	EXP 	New trial (rep=86, index=0): None
160.4819 	DATA 	Keypress: down
160.4952 	EXP 	fixation: autoDraw = False
160.4952 	EXP 	grating: autoDraw = False
160.4952 	EXP 	grating: ori = 3.0
160.4952 	EXP 	fixation: autoDraw = True
161.4957 	EXP 	fixation: autoDraw = False
161.4957 	EXP 	grating: autoDraw = True
161.7956 	EXP 	grating: autoDraw = False
162.0327 	EXP 	New trial (rep=87, index=0): None
162.0344 	DATA 	Keypress: down
162.0457 	EXP 	fixation: autoDraw = False
162.0457 	EXP 	grating: autoDraw = False
162.0457 	EXP 	grating: ori = -5.0
162.0457 	EXP 	fixation: autoDraw = True
163.0462 	EXP 	fixation: autoDraw = False
163.0462 	EXP 	grating: autoDraw = True
163.3461 	EXP 	grating: autoDraw = False
163.4825 	EXP 	New trial (rep=88, index=0): None
163.4841 	DATA 	Keypress: down
163.4962 	EXP 	fixation: autoDraw = False
163.4962 	EXP 	grating: autoDraw = False
163.4962 	EXP 	grating: ori = -3.0
163.4962 	EXP 	fixation: autoDraw = True
164.4969 	EXP 	fixation: autoDraw = False
164.4969 	EXP 	grating: autoDraw = True
164.7967 	EXP 	grating: autoDraw = False
164.9323 	EXP 	New trial (rep=89, index=0): None
164.9337 	DATA 	Keypress: down
164.9469 	EXP 	fixation: autoDraw = False
164.9469 	EXP 	grating: autoDraw = False
164.9469 	EXP 	grating: ori = 0.0
164.9469 	EXP 	fixation: autoDraw = True
165.9474 	EXP 	fixation: autoDraw = False
165.9474 	EXP 	grating: autoDraw = True
166.2472 	EXP 	grating: autoDraw = False
166.5346 	EXP 	New trial (rep=90, index=0): None
166.5375 	DATA 	Keypress: up
166.5474 	EXP 	fixation: autoDraw = False
166.5474 	EXP 	grating: autoDraw = False
166.5474 	EXP 	grating: ori = 3.0
166.5474 	EXP 	fixation: autoDraw = True
167.5479 	EXP 	fixation: autoDraw = False
167.5479 	EXP 	grating: autoDraw = True
167.8480 	EXP 	grating: autoDraw = False
168.1836 	EXP 	New trial (rep=91, index=0): None
168.1851 	DATA 	Keypress: down
168.1981 	EXP 	fixation: autoDraw = False
168.1981 	EXP 	grating: autoDraw = False
168.1981 	EXP 	grating: ori = -4.0
168.1981 	EXP 	fixation: autoDraw = True
169.1986 	EXP 	fixation: autoDraw = False
169.1986 	EXP 	grating: autoDraw = True
169.4985 	EXP 	grating: autoDraw = False
169.7681 	EXP 	New trial (rep=92, index=0): None
169.7696 	DATA 	Keypress: down
169.7821 	EXP 	fixation: autoDraw = False
169.7821 	EXP 	grating: autoDraw = False
169.7821 	EXP 	grating: ori = 2.0
169.7821 	EXP 	fixation: autoDraw = True
170.7825 	EXP 	fixation: autoDraw = False
170.7825 	EXP 	grating: autoDraw = True
171.0826 	EXP 	grating: autoDraw = False
171.2013 	EXP 	New trial (rep=93, index=0): None
171.2027 	DATA 	Keypress: up
171.2157 	EXP 	fixation: autoDraw = False
171.2157 	EXP 	grating: autoDraw = False
171.2157 	EXP 	grating: ori = 1.0
171.2157 	EXP 	fixation: autoDraw = True
172.2165 	EXP 	fixation: autoDraw = False
172.2165 	EXP 	grating: autoDraw = True
172.5163 	EXP 	grating: autoDraw = False
172.6686 	EXP 	New trial (rep=94, index=0): None
172.6704 	DATA 	Keypress: down
172.6832 	EXP 	fixation: autoDraw = False
172.6832 	EXP 	grating: autoDraw = False
172.6832 	EXP 	grating: ori = 4.0
172.6832 	EXP 	fixation: autoDraw = True
173.6837 	EXP 	fixation: autoDraw = False
173.6837 	EXP 	grating: autoDraw = True
173.9835 	EXP 	grating: autoDraw = False
174.2539 	EXP 	New trial (rep=95, index=0): None
174.2559 	DATA 	Keypress: down
174.2671 	EXP 	fixation: autoDraw = False
174.2671 	EXP 	grating: autoDraw = False
174.2671 	EXP 	grating: ori = 0.0
174.2671 	EXP 	fixation: autoDraw = True
175.2677 	EXP 	fixation: autoDraw = False
175.2677 	EXP 	grating: autoDraw = True
175.5675 	EXP 	grating: autoDraw = False
175.9222 	EXP 	New trial (rep=96, index=0): None
175.9248 	DATA 	Keypress: up
175.9343 	EXP 	fixation: autoDraw = False
175.9343 	EXP 	grating: autoDraw = False
175.9343 	EXP 	grating: ori = -3.0
175.9343 	EXP 	fixation: autoDraw = True
176.9348 	EXP 	fixation: autoDraw = False
176.9348 	EXP 	grating: autoDraw = True
177.2350 	EXP 	grating: autoDraw = False
177.4224 	EXP 	New trial (rep=97, index=0): None
177.4252 	DATA 	Keypress: down
177.4349 	EXP 	fixation: autoDraw = False
177.4349 	EXP 	grating: autoDraw = False
177.4349 	EXP 	grating: ori = -4.0
177.4349 	EXP 	fixation: autoDraw = True
178.4355 	EXP 	fixation: autoDraw = False
178.4355 	EXP 	grating: autoDraw = True
178.7354 	EXP 	grating: autoDraw = False
178.8728 	EXP 	New trial (rep=98, index=0): None
178.8750 	DATA 	Keypress: down
178.8853 	EXP 	fixation: autoDraw = False
178.8853 	EXP 	grating: autoDraw = False
178.8853 	EXP 	grating: ori = 0.0
178.8853 	EXP 	fixation: autoDraw = True
179.8861 	EXP 	fixation: autoDraw = False
179.8861 	EXP 	grating: autoDraw = True
180.1859 	EXP 	grating: autoDraw = False
180.3715 	EXP 	New trial (rep=99, index=0): None
180.3729 	DATA 	Keypress: up
180.3861 	EXP 	fixation: autoDraw = False
180.3861 	EXP 	grating: autoDraw = False
180.3861 	EXP 	grating: ori = -3.0
180.3861 	EXP 	fixation: autoDraw = True
181.3864 	EXP 	fixation: autoDraw = False
181.3864 	EXP 	grating: autoDraw = True
181.6866 	EXP 	grating: autoDraw = False
181.9071 	DATA 	Keypress: down
181.9200 	EXP 	fixation: autoDraw = False
181.9200 	EXP 	grating: autoDraw = False
182.0255 	EXP 	window1: mouseVisible = True
